[debug] [2025-01-19T17:08:25.647Z] ----------------------------------------------------------------------
[debug] [2025-01-19T17:08:25.651Z] Command:       C:\Program Files\nodejs\node.exe C:\Users\asus\AppData\Roaming\npm\node_modules\firebase-tools\lib\bin\firebase.js init
[debug] [2025-01-19T17:08:25.651Z] CLI Version:   13.29.1
[debug] [2025-01-19T17:08:25.651Z] Platform:      win32
[debug] [2025-01-19T17:08:25.651Z] Node Version:  v22.13.0
[debug] [2025-01-19T17:08:25.652Z] Time:          Sun Jan 19 2025 23:08:25 GMT+0600 (Bangladesh Standard Time)
[debug] [2025-01-19T17:08:25.652Z] ----------------------------------------------------------------------
[debug] 
[debug] [2025-01-19T17:08:25.660Z] > command requires scopes: ["email","openid","https://www.googleapis.com/auth/cloudplatformprojects.readonly","https://www.googleapis.com/auth/firebase","https://www.googleapis.com/auth/cloud-platform"]
[debug] [2025-01-19T17:08:25.660Z] > authorizing via signed-in user (avropiyas824@gmail.com)
[info] 
     ######## #### ########  ######## ########     ###     ######  ########
     ##        ##  ##     ## ##       ##     ##  ##   ##  ##       ##
     ######    ##  ########  ######   ########  #########  ######  ######
     ##        ##  ##    ##  ##       ##     ## ##     ##       ## ##
     ##       #### ##     ## ######## ########  ##     ##  ######  ########

You're about to initialize a Firebase project in this directory:

  C:\Users\asus\alteryouth

[info] 
=== Project Setup
[info] 
[info] First, let's associate this project directory with a Firebase project.
[info] You can create multiple project aliases by running firebase use --add, 
[info] but for now we'll just set up a default project.
[info] 
[info] i  If you want to create a project in a Google Cloud organization or folder, please use "firebase projects:create" instead, and return to this command when you've created the project. 
[debug] [2025-01-19T17:08:45.284Z] Checked if tokens are valid: true, expires at: 1737309314482
[debug] [2025-01-19T17:08:45.284Z] Checked if tokens are valid: true, expires at: 1737309314482
[debug] [2025-01-19T17:08:45.287Z] >>> [apiv2][query] POST https://cloudresourcemanager.googleapis.com/v1/projects [none]
[debug] [2025-01-19T17:08:45.287Z] >>> [apiv2][body] POST https://cloudresourcemanager.googleapis.com/v1/projects {"projectId":"987654321","name":"987654321"}
[debug] [2025-01-19T17:08:46.879Z] <<< [apiv2][status] POST https://cloudresourcemanager.googleapis.com/v1/projects 400
[debug] [2025-01-19T17:08:46.880Z] <<< [apiv2][body] POST https://cloudresourcemanager.googleapis.com/v1/projects {"error":{"code":400,"message":"field [project_id] has issue [project_id contains invalid characters]","status":"INVALID_ARGUMENT","details":[{"@type":"type.googleapis.com/google.rpc.BadRequest","fieldViolations":[{"field":"project_id","description":"project_id contains invalid characters"}]},{"@type":"type.googleapis.com/google.rpc.Help","links":[{"url":"https://cloud.google.com/resource-manager/reference/rest/v1/projects"}]}]}}
[debug] [2025-01-19T17:08:47.408Z] FirebaseError: Request to https://cloudresourcemanager.googleapis.com/v1/projects had HTTP Error: 400, field [project_id] has issue [project_id contains invalid characters]
    at responseToError (C:\Users\asus\AppData\Roaming\npm\node_modules\firebase-tools\lib\responseToError.js:52:12)
    at RetryOperation._fn (C:\Users\asus\AppData\Roaming\npm\node_modules\firebase-tools\lib\apiv2.js:312:77)
    at process.processTicksAndRejections (node:internal/process/task_queues:105:5)
[error] 
[error] Error: Failed to create project. See firebase-debug.log for more info.
